[0mGET /hotel [36m304[0m 11.545 ms - -[0m
[0mGET /fonts/glyphicons-halflings-regular.woff [33m404[0m 3.532 ms - 178[0m
[0mGET /fonts/glyphicons-halflings-regular.ttf [33m404[0m 0.393 ms - 177[0m
[0mGET /city [32m200[0m 6.556 ms - 9272[0m
[0mGET /fonts/glyphicons-halflings-regular.woff [33m404[0m 3.388 ms - 178[0m
[0mGET /fonts/glyphicons-halflings-regular.ttf [33m404[0m 0.421 ms - 177[0m
[0mGET / [32m200[0m 22.600 ms - 8993[0m
[0mGET /fonts/glyphicons-halflings-regular.woff [33m404[0m 1.911 ms - 178[0m
[0mGET /fonts/glyphicons-halflings-regular.ttf [33m404[0m 0.602 ms - 177[0m
[0mGET / [36m304[0m 3.638 ms - -[0m
[0mGET /fonts/glyphicons-halflings-regular.woff [33m404[0m 0.328 ms - 178[0m
[0mGET /fonts/glyphicons-halflings-regular.ttf [33m404[0m 0.450 ms - 177[0m
[0mGET / [32m200[0m 3.757 ms - 9205[0m
[0mGET /fonts/glyphicons-halflings-regular.woff [33m404[0m 0.278 ms - 178[0m
[0mGET /fonts/glyphicons-halflings-regular.ttf [33m404[0m 0.408 ms - 177[0m
[0mGET / [36m304[0m 4.763 ms - -[0m
[0mGET /fonts/glyphicons-halflings-regular.woff [33m404[0m 0.323 ms - 178[0m
[0mGET /fonts/glyphicons-halflings-regular.ttf [33m404[0m 0.548 ms - 177[0m
[0mGET /hotel [36m304[0m 5.136 ms - -[0m
[0mGET /fonts/glyphicons-halflings-regular.woff [33m404[0m 0.382 ms - 178[0m
[0mGET /fonts/glyphicons-halflings-regular.ttf [33m404[0m 1.951 ms - 177[0m
[0mGET /city [36m304[0m 8.702 ms - -[0m
[0mGET /fonts/glyphicons-halflings-regular.woff [33m404[0m 0.478 ms - 178[0m
[0mGET /fonts/glyphicons-halflings-regular.ttf [33m404[0m 0.596 ms - 177[0m
[0mGET / [32m200[0m 17.613 ms - 9277[0m
[0mGET /fonts/glyphicons-halflings-regular.woff [33m404[0m 2.317 ms - 178[0m
[0mGET /fonts/glyphicons-halflings-regular.ttf [33m404[0m 0.670 ms - 177[0m
[0mGET / [36m304[0m 28.653 ms - -[0m
[0mGET /fonts/glyphicons-halflings-regular.woff [33m404[0m 4.742 ms - 178[0m
[0mGET /fonts/glyphicons-halflings-regular.ttf [33m404[0m 0.575 ms - 177[0m
[0mGET /hotel [32m200[0m 7.292 ms - 18211[0m
[0mGET /fonts/glyphicons-halflings-regular.woff [33m404[0m 5.855 ms - 178[0m
[0mGET /fonts/glyphicons-halflings-regular.ttf [33m404[0m 0.561 ms - 177[0m
[0mGET / [36m304[0m 9.256 ms - -[0m
[0mGET /fonts/glyphicons-halflings-regular.woff [33m404[0m 0.905 ms - 178[0m
[0mGET /fonts/glyphicons-halflings-regular.ttf [33m404[0m 1.646 ms - 177[0m
[0mGET /hotel [36m304[0m 8.104 ms - -[0m
[0mGET /fonts/glyphicons-halflings-regular.woff [33m404[0m 0.664 ms - 178[0m
[0mGET /fonts/glyphicons-halflings-regular.ttf [33m404[0m 1.894 ms - 177[0m
[0mGET /hotel [36m304[0m 49.426 ms - -[0m
[0mGET /fonts/glyphicons-halflings-regular.woff [33m404[0m 8.718 ms - 178[0m
[0mGET /fonts/glyphicons-halflings-regular.ttf [33m404[0m 0.966 ms - 177[0m
[0mGET /hotel [36m304[0m 61.223 ms - -[0m
[0mGET /fonts/glyphicons-halflings-regular.woff [33m404[0m 7.201 ms - 178[0m
[0mGET /fonts/glyphicons-halflings-regular.ttf [33m404[0m 0.826 ms - 177[0m
[0mGET / [36m304[0m 9.908 ms - -[0m
[0mGET /fonts/glyphicons-halflings-regular.woff [33m404[0m 1.103 ms - 178[0m
[0mGET /fonts/glyphicons-halflings-regular.ttf [33m404[0m 2.511 ms - 177[0m
[0mGET / [32m200[0m 30.091 ms - 9205[0m
[0mGET /fonts/glyphicons-halflings-regular.woff [33m404[0m 3.681 ms - 178[0m
[0mGET /fonts/glyphicons-halflings-regular.ttf [33m404[0m 0.788 ms - 177[0m
[0mGET / [36m304[0m 4.434 ms - -[0m
[0mGET /fonts/glyphicons-halflings-regular.woff [33m404[0m 0.630 ms - 178[0m
[0mGET /fonts/glyphicons-halflings-regular.ttf [33m404[0m 0.740 ms - 177[0m
[0mGET /hotel [32m200[0m 8.440 ms - 18133[0m
[0mGET /fonts/glyphicons-halflings-regular.woff [33m404[0m 0.544 ms - 178[0m
[0mGET /fonts/glyphicons-halflings-regular.ttf [33m404[0m 0.660 ms - 177[0m
[0mGET / [36m304[0m 5.620 ms - -[0m
[0mGET /fonts/glyphicons-halflings-regular.woff [33m404[0m 0.518 ms - 178[0m
[0mGET /fonts/glyphicons-halflings-regular.ttf [33m404[0m 0.554 ms - 177[0m
[0mGET /hotel [36m304[0m 4.865 ms - -[0m
[0mGET /fonts/glyphicons-halflings-regular.woff [33m404[0m 0.669 ms - 178[0m
[0mGET /fonts/glyphicons-halflings-regular.ttf [33m404[0m 0.396 ms - 177[0m
[0mGET / [36m304[0m 3.809 ms - -[0m
[0mGET /fonts/glyphicons-halflings-regular.woff [33m404[0m 0.299 ms - 178[0m
[0mGET /fonts/glyphicons-halflings-regular.ttf [33m404[0m 0.839 ms - 177[0m
[0mGET /hotel [36m304[0m 8.780 ms - -[0m
[0mGET /fonts/glyphicons-halflings-regular.woff [33m404[0m 0.389 ms - 178[0m
[0mGET /fonts/glyphicons-halflings-regular.ttf [33m404[0m 0.426 ms - 177[0m
[0mGET / [36m304[0m 2.474 ms - -[0m
[0mGET /fonts/glyphicons-halflings-regular.woff [33m404[0m 0.188 ms - 178[0m
[0mGET /fonts/glyphicons-halflings-regular.ttf [33m404[0m 0.314 ms - 177[0m
[0mGET /hotel [36m304[0m 2.500 ms - -[0m
[0mGET /fonts/glyphicons-halflings-regular.woff [33m404[0m 0.332 ms - 178[0m
[0mGET /fonts/glyphicons-halflings-regular.ttf [33m404[0m 0.329 ms - 177[0m
[0mGET /hotel [32m200[0m 20.724 ms - 18427[0m
[0mGET /fonts/glyphicons-halflings-regular.woff [33m404[0m 2.445 ms - 178[0m
[0mGET /fonts/glyphicons-halflings-regular.ttf [33m404[0m 1.712 ms - 177[0m
[0mGET /hotel/details/6360 [32m200[0m 4.693 ms - 5488[0m
[0mGET /hotel/details/css/bootstrap.min.css [33m404[0m 0.354 ms - 174[0m
[0mGET /hotel/details/css/styles.css [33m404[0m 0.557 ms - 167[0m
[0mGET /hotel/details/js/bootstrap.min.js [33m404[0m 2.597 ms - 172[0m
[0mGET /hotel/details/js/bootstrap.min.js [33m404[0m 1.928 ms - 172[0m
[0mGET /hotel/details/6360 [36m304[0m 2.517 ms - -[0m
[0mGET /hotel/details/css/bootstrap.min.css [33m404[0m 0.483 ms - 174[0m
[0mGET /hotel/details/css/styles.css [33m404[0m 0.569 ms - 167[0m
[0mGET /hotel/details/js/bootstrap.min.js [33m404[0m 0.423 ms - 172[0m
[0mGET /hotel/details/js/bootstrap.min.js [33m404[0m 0.267 ms - 172[0m
[0mGET /hotel/details/6360 [36m304[0m 2.298 ms - -[0m
[0mGET /hotel/details/css/bootstrap.min.css [33m404[0m 0.375 ms - 174[0m
[0mGET /hotel/details/css/styles.css [33m404[0m 0.453 ms - 167[0m
[0mGET /hotel/details/js/bootstrap.min.js [33m404[0m 0.899 ms - 172[0m
[0mGET /hotel/details/js/bootstrap.min.js [33m404[0m 0.343 ms - 172[0m
[0mGET /hotel/details/6360 [32m200[0m 2.754 ms - 5490[0m
[0mGET /hotel/details/js/bootstrap.min.js [33m404[0m 0.383 ms - 172[0m
[0mGET /hotel/details/js/bootstrap.min.js [33m404[0m 0.633 ms - 172[0m
[0mGET /fonts/glyphicons-halflings-regular.woff [33m404[0m 0.212 ms - 178[0m
[0mGET /fonts/glyphicons-halflings-regular.ttf [33m404[0m 0.285 ms - 177[0m
[0mGET /hotel [36m304[0m 4.204 ms - -[0m
[0mGET /fonts/glyphicons-halflings-regular.woff [33m404[0m 0.344 ms - 178[0m
[0mGET /fonts/glyphicons-halflings-regular.ttf [33m404[0m 1.074 ms - 177[0m
[0mGET /hotel/details/18453961 [32m200[0m 3.802 ms - 5490[0m
[0mGET /hotel/details/js/bootstrap.min.js [33m404[0m 0.501 ms - 172[0m
[0mGET /hotel/details/js/bootstrap.min.js [33m404[0m 0.586 ms - 172[0m
[0mGET /fonts/glyphicons-halflings-regular.woff [33m404[0m 0.631 ms - 178[0m
[0mGET /fonts/glyphicons-halflings-regular.ttf [33m404[0m 0.906 ms - 177[0m
[0mGET /hotel [36m304[0m 18.924 ms - -[0m
[0mGET /fonts/glyphicons-halflings-regular.woff [33m404[0m 1.859 ms - 178[0m
[0mGET /fonts/glyphicons-halflings-regular.ttf [33m404[0m 0.370 ms - 177[0m
[0mGET /hotel/details/6360 [32m200[0m 5.011 ms - 5499[0m
[0mGET /hotel/details/js/bootstrap.min.js [33m404[0m 0.590 ms - 172[0m
[0mGET /hotel/details/js/bootstrap.min.js [33m404[0m 0.535 ms - 172[0m
[0mGET /fonts/glyphicons-halflings-regular.woff [33m404[0m 0.702 ms - 178[0m
[0mGET /fonts/glyphicons-halflings-regular.ttf [33m404[0m 0.205 ms - 177[0m
[0mGET /hotel [36m304[0m 6.221 ms - -[0m
[0mGET /fonts/glyphicons-halflings-regular.woff [33m404[0m 0.313 ms - 178[0m
[0mGET /fonts/glyphicons-halflings-regular.ttf [33m404[0m 0.360 ms - 177[0m
[0mGET /hotel/details/18453961 [32m200[0m 3.033 ms - 5503[0m
[0mGET /hotel/details/js/bootstrap.min.js [33m404[0m 0.398 ms - 172[0m
[0mGET /hotel/details/js/bootstrap.min.js [33m404[0m 1.542 ms - 172[0m
[0mGET /fonts/glyphicons-halflings-regular.woff [33m404[0m 0.259 ms - 178[0m
[0mGET /fonts/glyphicons-halflings-regular.ttf [33m404[0m 0.661 ms - 177[0m
[0mGET /hotel [36m304[0m 3.172 ms - -[0m
[0mGET /fonts/glyphicons-halflings-regular.woff [33m404[0m 0.256 ms - 178[0m
[0mGET /fonts/glyphicons-halflings-regular.ttf [33m404[0m 0.291 ms - 177[0m
[0mGET /hotel/details/40853 [32m200[0m 3.995 ms - 5500[0m
[0mGET /hotel/details/js/bootstrap.min.js [33m404[0m 0.269 ms - 172[0m
[0mGET /hotel/details/js/bootstrap.min.js [33m404[0m 0.206 ms - 172[0m
[0mGET /fonts/glyphicons-halflings-regular.woff [33m404[0m 0.308 ms - 178[0m
[0mGET /fonts/glyphicons-halflings-regular.ttf [33m404[0m 0.277 ms - 177[0m
[0mGET /hotel [36m304[0m 12.970 ms - -[0m
[0mGET /fonts/glyphicons-halflings-regular.woff [33m404[0m 2.785 ms - 178[0m
[0mGET /fonts/glyphicons-halflings-regular.ttf [33m404[0m 1.314 ms - 177[0m
[0mGET /hotel/details/18453961 [36m304[0m 4.104 ms - -[0m
[0mGET /hotel/details/js/bootstrap.min.js [33m404[0m 0.498 ms - 172[0m
[0mGET /hotel/details/js/bootstrap.min.js [33m404[0m 0.954 ms - 172[0m
[0mGET /fonts/glyphicons-halflings-regular.woff [33m404[0m 0.406 ms - 178[0m
[0mGET /fonts/glyphicons-halflings-regular.ttf [33m404[0m 0.679 ms - 177[0m
[0mGET /hotel [36m304[0m 5.532 ms - -[0m
[0mGET /fonts/glyphicons-halflings-regular.woff [33m404[0m 0.364 ms - 178[0m
[0mGET /fonts/glyphicons-halflings-regular.ttf [33m404[0m 0.525 ms - 177[0m
[0mGET / [36m304[0m 5.289 ms - -[0m
[0mGET /fonts/glyphicons-halflings-regular.woff [33m404[0m 0.316 ms - 178[0m
[0mGET /fonts/glyphicons-halflings-regular.ttf [33m404[0m 0.452 ms - 177[0m
[0mGET /hotel [36m304[0m 3.570 ms - -[0m
[0mGET /fonts/glyphicons-halflings-regular.woff [33m404[0m 0.228 ms - 178[0m
[0mGET /fonts/glyphicons-halflings-regular.ttf [33m404[0m 0.268 ms - 177[0m
[0mGET /hotel/details/6360 [36m304[0m 3.463 ms - -[0m
[0mGET /hotel/details/js/bootstrap.min.js [33m404[0m 0.414 ms - 172[0m
[0mGET /hotel/details/js/bootstrap.min.js [33m404[0m 0.425 ms - 172[0m
[0mGET /fonts/glyphicons-halflings-regular.woff [33m404[0m 1.430 ms - 178[0m
[0mGET /fonts/glyphicons-halflings-regular.ttf [33m404[0m 0.347 ms - 177[0m
[0mGET / [32m200[0m 26.032 ms - 9205[0m
[0mGET /fonts/glyphicons-halflings-regular.woff [33m404[0m 2.212 ms - 178[0m
[0mGET /fonts/glyphicons-halflings-regular.ttf [33m404[0m 0.419 ms - 177[0m
[0mGET /favicon.ico [33m404[0m 0.735 ms - 150[0m
[0mGET /hotel [32m200[0m 55.228 ms - 18427[0m
[0mGET /fonts/glyphicons-halflings-regular.woff [33m404[0m 0.807 ms - 178[0m
[0mGET /fonts/glyphicons-halflings-regular.ttf [33m404[0m 1.820 ms - 177[0m
[0mGET /hotel/details/6360 [32m200[0m 8.814 ms - 5499[0m
[0mGET /hotel/details/js/bootstrap.min.js [33m404[0m 0.638 ms - 172[0m
[0mGET /fonts/glyphicons-halflings-regular.woff [33m404[0m 0.394 ms - 178[0m
[0mGET /hotel/details/js/bootstrap.min.js [33m404[0m 0.692 ms - 172[0m
[0mGET /fonts/glyphicons-halflings-regular.ttf [33m404[0m 0.402 ms - 177[0m
[0mGET /hotel [36m304[0m 17.407 ms - -[0m
[0mGET /fonts/glyphicons-halflings-regular.woff [33m404[0m 1.136 ms - 178[0m
[0mGET /fonts/glyphicons-halflings-regular.ttf [33m404[0m 0.394 ms - 177[0m
[0mGET /hotel/details/6360 [36m304[0m 3.073 ms - -[0m
[0mGET /hotel/details/js/bootstrap.min.js [33m404[0m 0.382 ms - 172[0m
[0mGET /hotel/details/js/bootstrap.min.js [33m404[0m 0.521 ms - 172[0m
[0mGET /fonts/glyphicons-halflings-regular.woff [33m404[0m 0.434 ms - 178[0m
[0mGET /fonts/glyphicons-halflings-regular.ttf [33m404[0m 0.342 ms - 177[0m
[0mGET /hotel [36m304[0m 46.653 ms - -[0m
[0mGET /fonts/glyphicons-halflings-regular.woff [33m404[0m 2.023 ms - 178[0m
[0mGET /fonts/glyphicons-halflings-regular.ttf [33m404[0m 0.514 ms - 177[0m
[0mGET /hotel/details/6360 [0m-[0m - ms - -[0m
[0mGET /hotel/details/6360 [32m200[0m 29.903 ms - 5500[0m
[0mGET /hotel/details/js/bootstrap.min.js [33m404[0m 0.643 ms - 172[0m
[0mGET /hotel/details/js/bootstrap.min.js [33m404[0m 2.608 ms - 172[0m
[0mGET /fonts/glyphicons-halflings-regular.woff [33m404[0m 0.987 ms - 178[0m
[0mGET /fonts/glyphicons-halflings-regular.ttf [33m404[0m 0.432 ms - 177[0m
[0mGET /hotel [36m304[0m 108.252 ms - -[0m
[0mGET /fonts/glyphicons-halflings-regular.woff [33m404[0m 3.760 ms - 178[0m
[0mGET /fonts/glyphicons-halflings-regular.ttf [33m404[0m 0.568 ms - 177[0m
[0mGET /hotel/details/2008 [32m200[0m 26.056 ms - 5483[0m
[0mGET /hotel/details/js/bootstrap.min.js [33m404[0m 0.690 ms - 172[0m
[0mGET /hotel/details/js/bootstrap.min.js [33m404[0m 0.821 ms - 172[0m
[0mGET /fonts/glyphicons-halflings-regular.woff [33m404[0m 0.517 ms - 178[0m
[0mGET /fonts/glyphicons-halflings-regular.ttf [33m404[0m 1.222 ms - 177[0m
[0mGET /hotel [36m304[0m 16.592 ms - -[0m
[0mGET /fonts/glyphicons-halflings-regular.woff [33m404[0m 0.428 ms - 178[0m
[0mGET /fonts/glyphicons-halflings-regular.ttf [33m404[0m 0.471 ms - 177[0m
[0mGET /hotel/details/18453961 [32m200[0m 10.925 ms - 5481[0m
[0mGET /hotel/details/js/bootstrap.min.js [33m404[0m 0.558 ms - 172[0m
[0mGET /hotel/details/js/bootstrap.min.js [33m404[0m 0.551 ms - 172[0m
[0mGET /fonts/glyphicons-halflings-regular.woff [33m404[0m 0.659 ms - 178[0m
[0mGET /fonts/glyphicons-halflings-regular.ttf [33m404[0m 0.300 ms - 177[0m
[0mGET /hotel [36m304[0m 18.229 ms - -[0m
[0mGET /fonts/glyphicons-halflings-regular.woff [33m404[0m 0.454 ms - 178[0m
[0mGET /fonts/glyphicons-halflings-regular.ttf [33m404[0m 0.344 ms - 177[0m
[0mGET /hotel/details/553 [32m200[0m 15.623 ms - 5545[0m
[0mGET /hotel/details/js/bootstrap.min.js [33m404[0m 0.658 ms - 172[0m
[0mGET /hotel/details/js/bootstrap.min.js [33m404[0m 0.337 ms - 172[0m
[0mGET /fonts/glyphicons-halflings-regular.woff [33m404[0m 2.223 ms - 178[0m
[0mGET /fonts/glyphicons-halflings-regular.ttf [33m404[0m 0.238 ms - 177[0m
[0mGET /hotel/details/553 [32m200[0m 9.316 ms - 5573[0m
[0mGET /hotel/details/js/bootstrap.min.js [33m404[0m 0.541 ms - 172[0m
[0mGET /hotel/details/js/bootstrap.min.js [33m404[0m 0.490 ms - 172[0m
[0mGET /fonts/glyphicons-halflings-regular.woff [33m404[0m 0.347 ms - 178[0m
[0mGET /fonts/glyphicons-halflings-regular.ttf [33m404[0m 0.332 ms - 177[0m
[0mGET /hotel [36m304[0m 9.193 ms - -[0m
[0mGET /fonts/glyphicons-halflings-regular.woff [33m404[0m 0.346 ms - 178[0m
[0mGET /fonts/glyphicons-halflings-regular.ttf [33m404[0m 0.347 ms - 177[0m
[0mGET /hotel/details/12073 [32m200[0m 14.442 ms - 5610[0m
[0mGET /hotel/details/js/bootstrap.min.js [33m404[0m 0.469 ms - 172[0m
[0mGET /hotel/details/js/bootstrap.min.js [33m404[0m 0.529 ms - 172[0m
[0mGET /fonts/glyphicons-halflings-regular.woff [33m404[0m 0.348 ms - 178[0m
[0mGET /fonts/glyphicons-halflings-regular.ttf [33m404[0m 0.456 ms - 177[0m
[0mGET /hotel [36m304[0m 10.887 ms - -[0m
[0mGET /fonts/glyphicons-halflings-regular.woff [33m404[0m 0.480 ms - 178[0m
[0mGET /fonts/glyphicons-halflings-regular.ttf [33m404[0m 0.482 ms - 177[0m
[0mGET /hotel/details/41769 [32m200[0m 9.364 ms - 5569[0m
[0mGET /hotel/details/js/bootstrap.min.js [33m404[0m 1.693 ms - 172[0m
[0mGET /hotel/details/js/bootstrap.min.js [33m404[0m 0.517 ms - 172[0m
[0mGET /fonts/glyphicons-halflings-regular.woff [33m404[0m 0.325 ms - 178[0m
[0mGET /fonts/glyphicons-halflings-regular.ttf [33m404[0m 0.387 ms - 177[0m
[0mGET /hotel [36m304[0m 9.056 ms - -[0m
[0mGET /fonts/glyphicons-halflings-regular.woff [33m404[0m 0.546 ms - 178[0m
[0mGET /fonts/glyphicons-halflings-regular.ttf [33m404[0m 0.396 ms - 177[0m
[0mGET /hotel [36m304[0m 9.641 ms - -[0m
[0mGET /fonts/glyphicons-halflings-regular.woff [33m404[0m 0.579 ms - 178[0m
[0mGET /hotel/details/12073 [36m304[0m 8.165 ms - -[0m
[0mGET /fonts/glyphicons-halflings-regular.ttf [33m404[0m 0.529 ms - 177[0m
[0mGET /hotel/details/js/bootstrap.min.js [33m404[0m 0.971 ms - 172[0m
[0mGET /hotel/details/js/bootstrap.min.js [33m404[0m 1.010 ms - 172[0m
[0mGET /fonts/glyphicons-halflings-regular.woff [33m404[0m 0.380 ms - 178[0m
[0mGET /fonts/glyphicons-halflings-regular.ttf [33m404[0m 0.461 ms - 177[0m
